[debug] [2022-08-26T08:58:58.598Z] ----------------------------------------------------------------------
[debug] [2022-08-26T08:58:58.610Z] Command:       C:\Program Files\nodejs\node.exe C:\Users\Windows 10\AppData\Roaming\npm\node_modules\firebase-tools\lib\bin\firebase.js deploy
[debug] [2022-08-26T08:58:58.611Z] CLI Version:   11.8.0
[debug] [2022-08-26T08:58:58.611Z] Platform:      win32
[debug] [2022-08-26T08:58:58.611Z] Node Version:  v16.13.1
[debug] [2022-08-26T08:58:58.654Z] Time:          Fri Aug 26 2022 14:58:58 GMT+0600 (Bangladesh Standard Time)
[debug] [2022-08-26T08:58:58.655Z] ----------------------------------------------------------------------
[debug] 
[debug] [2022-08-26T08:58:58.817Z] > command requires scopes: ["email","openid","https://www.googleapis.com/auth/cloudplatformprojects.readonly","https://www.googleapis.com/auth/firebase","https://www.googleapis.com/auth/cloud-platform"]
[debug] [2022-08-26T08:58:58.818Z] > authorizing via signed-in user (nishandas880@gmail.com)
[debug] [2022-08-26T08:58:58.818Z] [iam] checking project carcare-149ae for permissions ["firebase.projects.get","firebasehosting.sites.update"]
[debug] [2022-08-26T08:58:58.821Z] >>> [apiv2][query] POST https://cloudresourcemanager.googleapis.com/v1/projects/carcare-149ae:testIamPermissions [none]
[debug] [2022-08-26T08:58:58.822Z] >>> [apiv2][(partial)header] POST https://cloudresourcemanager.googleapis.com/v1/projects/carcare-149ae:testIamPermissions x-goog-quota-user=projects/carcare-149ae
[debug] [2022-08-26T08:58:58.822Z] >>> [apiv2][body] POST https://cloudresourcemanager.googleapis.com/v1/projects/carcare-149ae:testIamPermissions {"permissions":["firebase.projects.get","firebasehosting.sites.update"]}
[debug] [2022-08-26T08:59:01.933Z] <<< [apiv2][status] POST https://cloudresourcemanager.googleapis.com/v1/projects/carcare-149ae:testIamPermissions 200
[debug] [2022-08-26T08:59:01.934Z] <<< [apiv2][body] POST https://cloudresourcemanager.googleapis.com/v1/projects/carcare-149ae:testIamPermissions {"permissions":["firebase.projects.get","firebasehosting.sites.update"]}
[debug] [2022-08-26T08:59:01.936Z] >>> [apiv2][query] GET https://firebase.googleapis.com/v1beta1/projects/carcare-149ae [none]
[debug] [2022-08-26T08:59:03.264Z] <<< [apiv2][status] GET https://firebase.googleapis.com/v1beta1/projects/carcare-149ae 200
[debug] [2022-08-26T08:59:03.265Z] <<< [apiv2][body] GET https://firebase.googleapis.com/v1beta1/projects/carcare-149ae {"projectId":"carcare-149ae","projectNumber":"648049186478","displayName":"carCare","name":"projects/carcare-149ae","resources":{"hostingSite":"carcare-149ae"},"state":"ACTIVE","etag":"1_407cea10-67b2-404c-a5f8-bc8bbe21d3e9"}
[info] 
[info] === Deploying to 'carcare-149ae'...
[info] 
[info] i  deploying hosting 
[debug] [2022-08-26T08:59:03.270Z] >>> [apiv2][query] GET https://firebase.googleapis.com/v1beta1/projects/carcare-149ae [none]
[debug] [2022-08-26T08:59:04.242Z] <<< [apiv2][status] GET https://firebase.googleapis.com/v1beta1/projects/carcare-149ae 200
[debug] [2022-08-26T08:59:04.243Z] <<< [apiv2][body] GET https://firebase.googleapis.com/v1beta1/projects/carcare-149ae {"projectId":"carcare-149ae","projectNumber":"648049186478","displayName":"carCare","name":"projects/carcare-149ae","resources":{"hostingSite":"carcare-149ae"},"state":"ACTIVE","etag":"1_407cea10-67b2-404c-a5f8-bc8bbe21d3e9"}
[debug] [2022-08-26T08:59:04.246Z] >>> [apiv2][query] POST https://firebasehosting.googleapis.com/v1beta1/projects/648049186478/sites/carcare-149ae/versions [none]
[debug] [2022-08-26T08:59:04.246Z] >>> [apiv2][body] POST https://firebasehosting.googleapis.com/v1beta1/projects/648049186478/sites/carcare-149ae/versions {"config":{"rewrites":[{"glob":"**","path":"/index.html"}]},"labels":{"deployment-tool":"cli-firebase"}}
[debug] [2022-08-26T08:59:06.458Z] <<< [apiv2][status] POST https://firebasehosting.googleapis.com/v1beta1/projects/648049186478/sites/carcare-149ae/versions 200
[debug] [2022-08-26T08:59:06.458Z] <<< [apiv2][body] POST https://firebasehosting.googleapis.com/v1beta1/projects/648049186478/sites/carcare-149ae/versions {"name":"projects/648049186478/sites/carcare-149ae/versions/732f69058c4c6a5e","status":"CREATED","config":{"rewrites":[{"glob":"**","path":"/index.html"}]},"labels":{"deployment-tool":"cli-firebase"}}
[info] i  hosting[carcare-149ae]: beginning deploy... 
[info] i  hosting[carcare-149ae]: found 15 files in build 
[debug] [2022-08-26T08:59:06.473Z] [hosting] uploading with 200 concurrency
[debug] [2022-08-26T08:59:06.707Z] [hosting] hash cache [YnVpbGQ] stored for 15 files
[debug] [2022-08-26T08:59:06.708Z] [hosting][hash queue][FINAL] {"max":199,"min":3,"avg":21.733333333333334,"active":0,"complete":15,"success":15,"errored":0,"retried":0,"total":15,"elapsed":207}
[debug] [2022-08-26T08:59:06.708Z] >>> [apiv2][query] POST https://firebasehosting.googleapis.com/v1beta1/projects/648049186478/sites/carcare-149ae/versions/732f69058c4c6a5e:populateFiles [none]
[debug] [2022-08-26T08:59:06.709Z] >>> [apiv2][body] POST https://firebasehosting.googleapis.com/v1beta1/projects/648049186478/sites/carcare-149ae/versions/732f69058c4c6a5e:populateFiles {"files":{"/favicon.ico":"eae62e993eb980ec8a25058c39d5a51feab118bd2100c4deebb2a9c158ec11f9","/logo192.png":"3ee59515172ee198f3be375979df15ac5345183e656720a381b8872b2a39dc8b","/logo512.png":"ee7e2f3fdb8209c4b6fd7bef6ba50d1b9dba30a25bb5c3126df057e1cb6f5331","/manifest.json":"aff3449bdc238776f5d6d967f19ec491b36aed5fb7f23ccff6500736fd58494a","/robots.txt":"bfe106a3fb878dc83461c86818bf74fc1bdc7f28538ba613cd3e775516ce8b49","/services.json":"e1e7ba25c6233ab1c9191c923007de3e9b107a6057027a84403587be0df35b6e","/asset-manifest.json":"384f1c9d3cb12bb4e2b1562cc9fd18e6a392fc9f07dd5a6ea68fcdacb027d5df","/index.html":"f6ea47ef3166506550b6465c6b51465ed14ada7e347c4c59f286168d79235b5f","/static/js/787.28cb0dcd.chunk.js":"b72129aadef2b1cce5f847b935b4b58bca879c736479ede4c4e80bccf03f82a0","/static/js/787.28cb0dcd.chunk.js.map":"7f861e631c0bfc95128bc71fc8bd95a1dbdfe31dc0d8d063e60464968cf1c800","/static/js/main.108f4f0e.js.LICENSE.txt":"a4bf333c58f9e94274c19b9aee77a652337affee13e747a3e15415ca14c01597","/static/css/main.b9845eb1.css.map":"0417065fa101eca991acc9bbdb0301bddfb476d68dd95bedc76d9f1acea6eec6","/static/css/main.b9845eb1.css":"5b1b10b2d775a6f86b8228e81088f42c9ba63798711c6e27e67840fc730f68d3","/static/js/main.108f4f0e.js":"af94e685aa679d2635f43460148cbab767de43043e739ed5eac7e17369636969","/static/js/main.108f4f0e.js.map":"8492ba3d170390169675f9c39ccb25e3dc616ac6093c115069dd810aa799781a"}}
[debug] [2022-08-26T08:59:08.121Z] <<< [apiv2][status] POST https://firebasehosting.googleapis.com/v1beta1/projects/648049186478/sites/carcare-149ae/versions/732f69058c4c6a5e:populateFiles 200
[debug] [2022-08-26T08:59:08.122Z] <<< [apiv2][body] POST https://firebasehosting.googleapis.com/v1beta1/projects/648049186478/sites/carcare-149ae/versions/732f69058c4c6a5e:populateFiles {"uploadRequiredHashes":["384f1c9d3cb12bb4e2b1562cc9fd18e6a392fc9f07dd5a6ea68fcdacb027d5df","0417065fa101eca991acc9bbdb0301bddfb476d68dd95bedc76d9f1acea6eec6","5b1b10b2d775a6f86b8228e81088f42c9ba63798711c6e27e67840fc730f68d3","f6ea47ef3166506550b6465c6b51465ed14ada7e347c4c59f286168d79235b5f","8492ba3d170390169675f9c39ccb25e3dc616ac6093c115069dd810aa799781a","af94e685aa679d2635f43460148cbab767de43043e739ed5eac7e17369636969"],"uploadUrl":"https://upload-firebasehosting.googleapis.com/upload/sites/carcare-149ae/versions/732f69058c4c6a5e/files"}
[debug] [2022-08-26T08:59:08.124Z] >>> [apiv2][query] POST https://upload-firebasehosting.googleapis.com/upload/sites/carcare-149ae/versions/732f69058c4c6a5e/files/384f1c9d3cb12bb4e2b1562cc9fd18e6a392fc9f07dd5a6ea68fcdacb027d5df [none]
[debug] [2022-08-26T08:59:08.124Z] >>> [apiv2][body] POST https://upload-firebasehosting.googleapis.com/upload/sites/carcare-149ae/versions/732f69058c4c6a5e/files/384f1c9d3cb12bb4e2b1562cc9fd18e6a392fc9f07dd5a6ea68fcdacb027d5df [stream]
[debug] [2022-08-26T08:59:08.126Z] >>> [apiv2][query] POST https://upload-firebasehosting.googleapis.com/upload/sites/carcare-149ae/versions/732f69058c4c6a5e/files/0417065fa101eca991acc9bbdb0301bddfb476d68dd95bedc76d9f1acea6eec6 [none]
[debug] [2022-08-26T08:59:08.126Z] >>> [apiv2][body] POST https://upload-firebasehosting.googleapis.com/upload/sites/carcare-149ae/versions/732f69058c4c6a5e/files/0417065fa101eca991acc9bbdb0301bddfb476d68dd95bedc76d9f1acea6eec6 [stream]
[debug] [2022-08-26T08:59:08.127Z] >>> [apiv2][query] POST https://upload-firebasehosting.googleapis.com/upload/sites/carcare-149ae/versions/732f69058c4c6a5e/files/5b1b10b2d775a6f86b8228e81088f42c9ba63798711c6e27e67840fc730f68d3 [none]
[debug] [2022-08-26T08:59:08.127Z] >>> [apiv2][body] POST https://upload-firebasehosting.googleapis.com/upload/sites/carcare-149ae/versions/732f69058c4c6a5e/files/5b1b10b2d775a6f86b8228e81088f42c9ba63798711c6e27e67840fc730f68d3 [stream]
[debug] [2022-08-26T08:59:08.128Z] >>> [apiv2][query] POST https://upload-firebasehosting.googleapis.com/upload/sites/carcare-149ae/versions/732f69058c4c6a5e/files/f6ea47ef3166506550b6465c6b51465ed14ada7e347c4c59f286168d79235b5f [none]
[debug] [2022-08-26T08:59:08.128Z] >>> [apiv2][body] POST https://upload-firebasehosting.googleapis.com/upload/sites/carcare-149ae/versions/732f69058c4c6a5e/files/f6ea47ef3166506550b6465c6b51465ed14ada7e347c4c59f286168d79235b5f [stream]
[debug] [2022-08-26T08:59:08.129Z] >>> [apiv2][query] POST https://upload-firebasehosting.googleapis.com/upload/sites/carcare-149ae/versions/732f69058c4c6a5e/files/8492ba3d170390169675f9c39ccb25e3dc616ac6093c115069dd810aa799781a [none]
[debug] [2022-08-26T08:59:08.130Z] >>> [apiv2][body] POST https://upload-firebasehosting.googleapis.com/upload/sites/carcare-149ae/versions/732f69058c4c6a5e/files/8492ba3d170390169675f9c39ccb25e3dc616ac6093c115069dd810aa799781a [stream]
[debug] [2022-08-26T08:59:08.131Z] >>> [apiv2][query] POST https://upload-firebasehosting.googleapis.com/upload/sites/carcare-149ae/versions/732f69058c4c6a5e/files/af94e685aa679d2635f43460148cbab767de43043e739ed5eac7e17369636969 [none]
[debug] [2022-08-26T08:59:08.131Z] >>> [apiv2][body] POST https://upload-firebasehosting.googleapis.com/upload/sites/carcare-149ae/versions/732f69058c4c6a5e/files/af94e685aa679d2635f43460148cbab767de43043e739ed5eac7e17369636969 [stream]
[debug] [2022-08-26T08:59:08.132Z] [hosting][populate queue][FINAL] {"max":1418,"min":1418,"avg":1418,"active":0,"complete":1,"success":1,"errored":0,"retried":0,"total":1,"elapsed":1426}
[debug] [2022-08-26T08:59:08.132Z] [hosting] uploads queued: 6
[debug] [2022-08-26T08:59:11.620Z] <<< [apiv2][status] POST https://upload-firebasehosting.googleapis.com/upload/sites/carcare-149ae/versions/732f69058c4c6a5e/files/5b1b10b2d775a6f86b8228e81088f42c9ba63798711c6e27e67840fc730f68d3 200
[debug] [2022-08-26T08:59:11.620Z] <<< [apiv2][body] POST https://upload-firebasehosting.googleapis.com/upload/sites/carcare-149ae/versions/732f69058c4c6a5e/files/5b1b10b2d775a6f86b8228e81088f42c9ba63798711c6e27e67840fc730f68d3 [stream]
[debug] [2022-08-26T08:59:11.842Z] <<< [apiv2][status] POST https://upload-firebasehosting.googleapis.com/upload/sites/carcare-149ae/versions/732f69058c4c6a5e/files/f6ea47ef3166506550b6465c6b51465ed14ada7e347c4c59f286168d79235b5f 200
[debug] [2022-08-26T08:59:11.842Z] <<< [apiv2][body] POST https://upload-firebasehosting.googleapis.com/upload/sites/carcare-149ae/versions/732f69058c4c6a5e/files/f6ea47ef3166506550b6465c6b51465ed14ada7e347c4c59f286168d79235b5f [stream]
[debug] [2022-08-26T08:59:11.864Z] <<< [apiv2][status] POST https://upload-firebasehosting.googleapis.com/upload/sites/carcare-149ae/versions/732f69058c4c6a5e/files/0417065fa101eca991acc9bbdb0301bddfb476d68dd95bedc76d9f1acea6eec6 200
[debug] [2022-08-26T08:59:11.864Z] <<< [apiv2][body] POST https://upload-firebasehosting.googleapis.com/upload/sites/carcare-149ae/versions/732f69058c4c6a5e/files/0417065fa101eca991acc9bbdb0301bddfb476d68dd95bedc76d9f1acea6eec6 [stream]
[debug] [2022-08-26T08:59:12.019Z] <<< [apiv2][status] POST https://upload-firebasehosting.googleapis.com/upload/sites/carcare-149ae/versions/732f69058c4c6a5e/files/384f1c9d3cb12bb4e2b1562cc9fd18e6a392fc9f07dd5a6ea68fcdacb027d5df 200
[debug] [2022-08-26T08:59:12.019Z] <<< [apiv2][body] POST https://upload-firebasehosting.googleapis.com/upload/sites/carcare-149ae/versions/732f69058c4c6a5e/files/384f1c9d3cb12bb4e2b1562cc9fd18e6a392fc9f07dd5a6ea68fcdacb027d5df [stream]
[debug] [2022-08-26T08:59:12.400Z] <<< [apiv2][status] POST https://upload-firebasehosting.googleapis.com/upload/sites/carcare-149ae/versions/732f69058c4c6a5e/files/8492ba3d170390169675f9c39ccb25e3dc616ac6093c115069dd810aa799781a 200
[debug] [2022-08-26T08:59:12.400Z] <<< [apiv2][body] POST https://upload-firebasehosting.googleapis.com/upload/sites/carcare-149ae/versions/732f69058c4c6a5e/files/8492ba3d170390169675f9c39ccb25e3dc616ac6093c115069dd810aa799781a [stream]
[debug] [2022-08-26T08:59:12.821Z] <<< [apiv2][status] POST https://upload-firebasehosting.googleapis.com/upload/sites/carcare-149ae/versions/732f69058c4c6a5e/files/af94e685aa679d2635f43460148cbab767de43043e739ed5eac7e17369636969 200
[debug] [2022-08-26T08:59:12.821Z] <<< [apiv2][body] POST https://upload-firebasehosting.googleapis.com/upload/sites/carcare-149ae/versions/732f69058c4c6a5e/files/af94e685aa679d2635f43460148cbab767de43043e739ed5eac7e17369636969 [stream]
[debug] [2022-08-26T08:59:12.821Z] [hosting][upload queue][FINAL] {"max":4697,"min":3497,"avg":3971.3333333333335,"active":0,"complete":6,"success":6,"errored":0,"retried":0,"total":6,"elapsed":4699}
[info] +  hosting[carcare-149ae]: file upload complete 
[debug] [2022-08-26T08:59:12.823Z] [hosting] deploy completed after 6361ms
[debug] [2022-08-26T08:59:12.826Z] [
  {
    "config": {
      "public": "build",
      "ignore": [
        "firebase.json",
        "**/.*",
        "**/node_modules/**"
      ],
      "rewrites": [
        {
          "source": "**",
          "destination": "/index.html"
        }
      ],
      "site": "carcare-149ae"
    },
    "site": "carcare-149ae",
    "version": "projects/648049186478/sites/carcare-149ae/versions/732f69058c4c6a5e"
  }
]
[info] i  hosting[carcare-149ae]: finalizing version... 
[debug] [2022-08-26T08:59:12.828Z] >>> [apiv2][query] PATCH https://firebasehosting.googleapis.com/v1beta1/projects/648049186478/sites/carcare-149ae/versions/732f69058c4c6a5e updateMask=status%2Cconfig
[debug] [2022-08-26T08:59:12.828Z] >>> [apiv2][body] PATCH https://firebasehosting.googleapis.com/v1beta1/projects/648049186478/sites/carcare-149ae/versions/732f69058c4c6a5e {"status":"FINALIZED","config":{"rewrites":[{"glob":"**","path":"/index.html"}]}}
[debug] [2022-08-26T08:59:14.285Z] <<< [apiv2][status] PATCH https://firebasehosting.googleapis.com/v1beta1/projects/648049186478/sites/carcare-149ae/versions/732f69058c4c6a5e 200
[debug] [2022-08-26T08:59:14.285Z] <<< [apiv2][body] PATCH https://firebasehosting.googleapis.com/v1beta1/projects/648049186478/sites/carcare-149ae/versions/732f69058c4c6a5e {"name":"projects/648049186478/sites/carcare-149ae/versions/732f69058c4c6a5e","status":"FINALIZED","config":{"rewrites":[{"glob":"**","path":"/index.html"}]},"labels":{"deployment-tool":"cli-firebase"},"createTime":"2022-08-26T08:59:42.847033Z","createUser":{"email":"nishandas880@gmail.com"},"finalizeTime":"2022-08-26T08:59:50.935787Z","finalizeUser":{"email":"nishandas880@gmail.com"}}
[debug] [2022-08-26T08:59:14.285Z] [hosting] finalized version for carcare-149ae:[object Object]
[info] +  hosting[carcare-149ae]: version finalized 
[info] i  hosting[carcare-149ae]: releasing new version... 
[debug] [2022-08-26T08:59:14.289Z] >>> [apiv2][query] POST https://firebasehosting.googleapis.com/v1beta1/projects/648049186478/sites/carcare-149ae/releases versionName=projects%2F648049186478%2Fsites%2Fcarcare-149ae%2Fversions%2F732f69058c4c6a5e
[debug] [2022-08-26T08:59:14.289Z] >>> [apiv2][body] POST https://firebasehosting.googleapis.com/v1beta1/projects/648049186478/sites/carcare-149ae/releases {"message":null}
[debug] [2022-08-26T08:59:16.783Z] <<< [apiv2][status] POST https://firebasehosting.googleapis.com/v1beta1/projects/648049186478/sites/carcare-149ae/releases 200
[debug] [2022-08-26T08:59:16.783Z] <<< [apiv2][body] POST https://firebasehosting.googleapis.com/v1beta1/projects/648049186478/sites/carcare-149ae/releases {"name":"projects/648049186478/sites/carcare-149ae/releases/1661504391781805","version":{"name":"projects/648049186478/sites/carcare-149ae/versions/732f69058c4c6a5e","status":"FINALIZED","config":{"rewrites":[{"glob":"**","path":"/index.html"}]},"labels":{"deployment-tool":"cli-firebase"},"createTime":"2022-08-26T08:59:42.847033Z","createUser":{"email":"nishandas880@gmail.com","imageUrl":"https://lh3.googleusercontent.com/a-/AFdZucofO0I7t8U_uvtV_qncQVdUHYurgBC7Kh_dH2TkRA"},"finalizeTime":"2022-08-26T08:59:50.935787Z","finalizeUser":{"email":"nishandas880@gmail.com","imageUrl":"https://lh3.googleusercontent.com/a-/AFdZucofO0I7t8U_uvtV_qncQVdUHYurgBC7Kh_dH2TkRA"}},"type":"DEPLOY","releaseTime":"2022-08-26T08:59:51.781805494Z","releaseUser":{"email":"nishandas880@gmail.com","imageUrl":"https://lh3.googleusercontent.com/a-/AFdZucofO0I7t8U_uvtV_qncQVdUHYurgBC7Kh_dH2TkRA"}}
[debug] [2022-08-26T08:59:16.783Z] [hosting] release: {"name":"projects/648049186478/sites/carcare-149ae/releases/1661504391781805","version":{"name":"projects/648049186478/sites/carcare-149ae/versions/732f69058c4c6a5e","status":"FINALIZED","config":{"rewrites":[{"glob":"**","path":"/index.html"}]},"labels":{"deployment-tool":"cli-firebase"},"createTime":"2022-08-26T08:59:42.847033Z","createUser":{"email":"nishandas880@gmail.com","imageUrl":"https://lh3.googleusercontent.com/a-/AFdZucofO0I7t8U_uvtV_qncQVdUHYurgBC7Kh_dH2TkRA"},"finalizeTime":"2022-08-26T08:59:50.935787Z","finalizeUser":{"email":"nishandas880@gmail.com","imageUrl":"https://lh3.googleusercontent.com/a-/AFdZucofO0I7t8U_uvtV_qncQVdUHYurgBC7Kh_dH2TkRA"}},"type":"DEPLOY","releaseTime":"2022-08-26T08:59:51.781805494Z","releaseUser":{"email":"nishandas880@gmail.com","imageUrl":"https://lh3.googleusercontent.com/a-/AFdZucofO0I7t8U_uvtV_qncQVdUHYurgBC7Kh_dH2TkRA"}}
[info] +  hosting[carcare-149ae]: release complete 
